<?xml version="1.0" encoding="UTF-8"?>
<!-- Generated by org.testng.reporters.JUnitReportReporter -->
<testsuite hostname="adikiprakash" failures="0" tests="1" name="amazon_flipkart.Amazon_FlipkartTest" time="15.235" errors="0" timestamp="25 Dec 2019 05:40:50 GMT" skipped="0">
  <testcase classname="amazon_flipkart.Amazon_FlipkartTest" name="comparePriceTest" time="15.235"/>
</testsuite> <!-- amazon_flipkart.Amazon_FlipkartTest -->
