<?xml version="1.0" encoding="UTF-8"?>
<!-- Generated by org.testng.reporters.JUnitReportReporter -->
<testsuite hostname="adikiprakash" failures="0" tests="1" name="amazon_flipkart.Assignment_1" time="17.764" errors="0" timestamp="24 Dec 2019 12:47:33 GMT" skipped="0">
  <testcase classname="amazon_flipkart.Assignment_1" name="comparePrice" time="17.764"/>
</testsuite> <!-- amazon_flipkart.Assignment_1 -->
