<?xml version="1.0" encoding="UTF-8"?>
<!-- Generated by org.testng.reporters.JUnitReportReporter -->
<testsuite hostname="adikiprakash" failures="0" tests="1" name="trip_advisor.TripAdvisorTest" time="59.102" errors="0" timestamp="25 Dec 2019 05:40:50 GMT" skipped="0">
  <testcase classname="trip_advisor.TripAdvisorTest" name="rateTripAdvisorTest" time="59.102"/>
</testsuite> <!-- trip_advisor.TripAdvisorTest -->
