<?xml version="1.0" encoding="UTF-8"?>
<!-- Generated by org.testng.reporters.JUnitReportReporter -->
<testsuite hostname="adikiprakash" failures="0" tests="1" name="amazon_flipkart.Amazon_FlipkartTest" time="13.862" errors="0" timestamp="26 Dec 2019 06:47:20 GMT" skipped="0">
  <testcase classname="amazon_flipkart.Amazon_FlipkartTest" name="comparePriceTest" time="13.862"/>
</testsuite> <!-- amazon_flipkart.Amazon_FlipkartTest -->
