<?xml version="1.0" encoding="UTF-8"?>
<!-- Generated by org.testng.reporters.JUnitReportReporter -->
<testsuite hostname="adikiprakash" failures="0" tests="1" name="trip_advisor.TripAdvisorTest" time="31.853" errors="0" timestamp="26 Dec 2019 05:43:04 GMT" skipped="0">
  <testcase classname="trip_advisor.TripAdvisorTest" name="rateTripAdvisorTest" time="31.853"/>
</testsuite> <!-- trip_advisor.TripAdvisorTest -->
